This file contains any messages produced by compilers while
running configure, to aid debugging if configure makes a mistake.

It was created by simbpf configure 0.1.0, which was
generated by GNU Autoconf 2.69.  Invocation command line was

  $ ./configure CFLAGS=-Wall -Wextra -Werror -Wno-parentheses -g -Os -flto

## --------- ##
## Platform. ##
## --------- ##

hostname = debra
uname -m = x86_64
uname -r = 4.19.0-12-amd64
uname -s = Linux
uname -v = #1 SMP Debian 4.19.152-1 (2020-10-18)

/usr/bin/uname -p = unknown
/bin/uname -X     = unknown

/bin/arch              = x86_64
/usr/bin/arch -k       = unknown
/usr/convex/getsysinfo = unknown
/usr/bin/hostinfo      = unknown
/bin/machine           = unknown
/usr/bin/oslevel       = unknown
/bin/universe          = unknown

PATH: /home/user/.cargo/bin
PATH: /home/user/.cache/rebar3/bin
PATH: /usr/local/bin
PATH: /usr/bin
PATH: /bin
PATH: /usr/local/games
PATH: /usr/games
PATH: /home/user/x-tools/mips-unknown-linux-uclibc/bin
PATH: /home/user/.cargo/bin


## ----------- ##
## Core tests. ##
## ----------- ##

configure:2303: checking for a BSD-compatible install
configure:2371: result: /usr/bin/install -c
configure:2382: checking whether build environment is sane
configure:2437: result: yes
configure:2586: checking for a thread-safe mkdir -p
configure:2625: result: /usr/bin/mkdir -p
configure:2632: checking for gawk
configure:2648: found /usr/bin/gawk
configure:2659: result: gawk
configure:2670: checking whether make sets $(MAKE)
configure:2692: result: yes
configure:2721: checking whether make supports nested variables
configure:2738: result: yes
configure:2917: checking for gcc
configure:2933: found /usr/bin/gcc
configure:2944: result: gcc
configure:3173: checking for C compiler version
configure:3182: gcc --version >&5
gcc (Debian 8.3.0-6) 8.3.0
Copyright (C) 2018 Free Software Foundation, Inc.
This is free software; see the source for copying conditions.  There is NO
warranty; not even for MERCHANTABILITY or FITNESS FOR A PARTICULAR PURPOSE.

configure:3193: $? = 0
configure:3182: gcc -v >&5
Using built-in specs.
COLLECT_GCC=gcc
COLLECT_LTO_WRAPPER=/usr/lib/gcc/x86_64-linux-gnu/8/lto-wrapper
OFFLOAD_TARGET_NAMES=nvptx-none
OFFLOAD_TARGET_DEFAULT=1
Target: x86_64-linux-gnu
Configured with: ../src/configure -v --with-pkgversion='Debian 8.3.0-6' --with-bugurl=file:///usr/share/doc/gcc-8/README.Bugs --enable-languages=c,ada,c++,go,brig,d,fortran,objc,obj-c++ --prefix=/usr --with-gcc-major-version-only --program-suffix=-8 --program-prefix=x86_64-linux-gnu- --enable-shared --enable-linker-build-id --libexecdir=/usr/lib --without-included-gettext --enable-threads=posix --libdir=/usr/lib --enable-nls --enable-bootstrap --enable-clocale=gnu --enable-libstdcxx-debug --enable-libstdcxx-time=yes --with-default-libstdcxx-abi=new --enable-gnu-unique-object --disable-vtable-verify --enable-libmpx --enable-plugin --enable-default-pie --with-system-zlib --with-target-system-zlib --enable-objc-gc=auto --enable-multiarch --disable-werror --with-arch-32=i686 --with-abi=m64 --with-multilib-list=m32,m64,mx32 --enable-multilib --with-tune=generic --enable-offload-targets=nvptx-none --without-cuda-driver --enable-checking=release --build=x86_64-linux-gnu --host=x86_64-linux-gnu --target=x86_64-linux-gnu
Thread model: posix
gcc version 8.3.0 (Debian 8.3.0-6) 
configure:3193: $? = 0
configure:3182: gcc -V >&5
gcc: error: unrecognized command line option '-V'
gcc: fatal error: no input files
compilation terminated.
configure:3193: $? = 1
configure:3182: gcc -qversion >&5
gcc: error: unrecognized command line option '-qversion'; did you mean '--version'?
gcc: fatal error: no input files
compilation terminated.
configure:3193: $? = 1
configure:3213: checking whether the C compiler works
configure:3235: gcc -Wall -Wextra -Werror -Wno-parentheses -g -Os -flto   conftest.c  >&5
configure:3239: $? = 0
configure:3287: result: yes
configure:3290: checking for C compiler default output file name
configure:3292: result: a.out
configure:3298: checking for suffix of executables
configure:3305: gcc -o conftest -Wall -Wextra -Werror -Wno-parentheses -g -Os -flto   conftest.c  >&5
configure:3309: $? = 0
configure:3331: result: 
configure:3353: checking whether we are cross compiling
configure:3361: gcc -o conftest -Wall -Wextra -Werror -Wno-parentheses -g -Os -flto   conftest.c  >&5
configure:3365: $? = 0
configure:3372: ./conftest
configure:3376: $? = 0
configure:3364: result: no
configure:3369: checking for suffix of object files
configure:3391: gcc -c -Wall -Wextra -Werror -Wno-parentheses -g -Os -flto  conftest.c >&5
configure:3395: $? = 0
configure:3416: result: o
configure:3420: checking whether we are using the GNU C compiler
configure:3439: gcc -c -Wall -Wextra -Werror -Wno-parentheses -g -Os -flto  conftest.c >&5
configure:3439: $? = 0
configure:3448: result: yes
configure:3457: checking whether gcc accepts -g
configure:3477: gcc -c -g  conftest.c >&5
configure:3477: $? = 0
configure:3518: result: yes
configure:3535: checking for gcc option to accept ISO C89
configure:3598: gcc  -c -Wall -Wextra -Werror -Wno-parentheses -g -Os -flto  conftest.c >&5
configure:3598: $? = 0
configure:3611: result: none needed
configure:3636: checking whether gcc understands -c and -o together
configure:3658: gcc -c conftest.c -o conftest2.o
configure:3661: $? = 0
configure:3658: gcc -c conftest.c -o conftest2.o
configure:3661: $? = 0
configure:3673: result: yes
configure:3693: checking whether make supports the include directive
configure:3708: make -f confmf.GNU && cat confinc.out
this is the am__doit target
configure:3711: $? = 0
configure:3730: result: yes (GNU style)
configure:3755: checking dependency style of gcc
configure:3866: result: gcc3
configure:3891: checking how to run the C preprocessor
configure:3922: gcc -E  conftest.c
configure:3922: $? = 0
configure:3936: gcc -E  conftest.c
conftest.c:11:10: fatal error: ac_nonexistent.h: No such file or directory
 #include <ac_nonexistent.h>
          ^~~~~~~~~~~~~~~~~~
compilation terminated.
configure:3936: $? = 1
configure: failed program was:
| /* confdefs.h */
| #define PACKAGE_NAME "simbpf"
| #define PACKAGE_TARNAME "simbpf"
| #define PACKAGE_VERSION "0.1.0"
| #define PACKAGE_STRING "simbpf 0.1.0"
| #define PACKAGE_BUGREPORT "e@gmail.com"
| #define PACKAGE_URL ""
| #define PACKAGE "simbpf"
| #define VERSION "0.1.0"
| /* end confdefs.h.  */
| #include <ac_nonexistent.h>
configure:3961: result: gcc -E
configure:3981: gcc -E  conftest.c
configure:3981: $? = 0
configure:3995: gcc -E  conftest.c
conftest.c:11:10: fatal error: ac_nonexistent.h: No such file or directory
 #include <ac_nonexistent.h>
          ^~~~~~~~~~~~~~~~~~
compilation terminated.
configure:3995: $? = 1
configure: failed program was:
| /* confdefs.h */
| #define PACKAGE_NAME "simbpf"
| #define PACKAGE_TARNAME "simbpf"
| #define PACKAGE_VERSION "0.1.0"
| #define PACKAGE_STRING "simbpf 0.1.0"
| #define PACKAGE_BUGREPORT "e@gmail.com"
| #define PACKAGE_URL ""
| #define PACKAGE "simbpf"
| #define VERSION "0.1.0"
| /* end confdefs.h.  */
| #include <ac_nonexistent.h>
configure:4024: checking for grep that handles long lines and -e
configure:4082: result: /usr/bin/grep
configure:4087: checking for egrep
configure:4149: result: /usr/bin/grep -E
configure:4154: checking for ANSI C header files
configure:4174: gcc -c -Wall -Wextra -Werror -Wno-parentheses -g -Os -flto  conftest.c >&5
configure:4174: $? = 0
configure:4247: gcc -o conftest -Wall -Wextra -Werror -Wno-parentheses -g -Os -flto   conftest.c  >&5
configure:4247: $? = 0
configure:4247: ./conftest
configure:4247: $? = 0
configure:4258: result: yes
configure:4271: checking for sys/types.h
configure:4271: gcc -c -Wall -Wextra -Werror -Wno-parentheses -g -Os -flto  conftest.c >&5
configure:4271: $? = 0
configure:4271: result: yes
configure:4271: checking for sys/stat.h
configure:4271: gcc -c -Wall -Wextra -Werror -Wno-parentheses -g -Os -flto  conftest.c >&5
configure:4271: $? = 0
configure:4271: result: yes
configure:4271: checking for stdlib.h
configure:4271: gcc -c -Wall -Wextra -Werror -Wno-parentheses -g -Os -flto  conftest.c >&5
configure:4271: $? = 0
configure:4271: result: yes
configure:4271: checking for string.h
configure:4271: gcc -c -Wall -Wextra -Werror -Wno-parentheses -g -Os -flto  conftest.c >&5
configure:4271: $? = 0
configure:4271: result: yes
configure:4271: checking for memory.h
configure:4271: gcc -c -Wall -Wextra -Werror -Wno-parentheses -g -Os -flto  conftest.c >&5
configure:4271: $? = 0
configure:4271: result: yes
configure:4271: checking for strings.h
configure:4271: gcc -c -Wall -Wextra -Werror -Wno-parentheses -g -Os -flto  conftest.c >&5
configure:4271: $? = 0
configure:4271: result: yes
configure:4271: checking for inttypes.h
configure:4271: gcc -c -Wall -Wextra -Werror -Wno-parentheses -g -Os -flto  conftest.c >&5
configure:4271: $? = 0
configure:4271: result: yes
configure:4271: checking for stdint.h
configure:4271: gcc -c -Wall -Wextra -Werror -Wno-parentheses -g -Os -flto  conftest.c >&5
configure:4271: $? = 0
configure:4271: result: yes
configure:4271: checking for unistd.h
configure:4271: gcc -c -Wall -Wextra -Werror -Wno-parentheses -g -Os -flto  conftest.c >&5
configure:4271: $? = 0
configure:4271: result: yes
configure:4286: checking stddef.h usability
configure:4286: gcc -c -Wall -Wextra -Werror -Wno-parentheses -g -Os -flto  conftest.c >&5
configure:4286: $? = 0
configure:4286: result: yes
configure:4286: checking stddef.h presence
configure:4286: gcc -E  conftest.c
configure:4286: $? = 0
configure:4286: result: yes
configure:4286: checking for stddef.h
configure:4286: result: yes
configure:4286: checking for stdlib.h
configure:4286: result: yes
configure:4286: checking for string.h
configure:4286: result: yes
configure:4298: checking for stdbool.h that conforms to C99
configure:4365: gcc -c -Wall -Wextra -Werror -Wno-parentheses -g -Os -flto  conftest.c >&5
conftest.c: In function 'main':
conftest.c:73:14: error: the address of 's' will always evaluate as 'true' [-Werror=address]
              bool e = &s;
              ^~~~
conftest.c:77:22: error: the address of 'a' will always evaluate as 'true' [-Werror=address]
              return (!a + !b + !c + !d + !e + !f + !g + !h + !i + !!j + !k + !!l
                      ^
conftest.c:77:27: error: the address of 'b' will always evaluate as 'true' [-Werror=address]
              return (!a + !b + !c + !d + !e + !f + !g + !h + !i + !!j + !k + !!l
                           ^
conftest.c:77:32: error: the address of 'c' will always evaluate as 'true' [-Werror=address]
              return (!a + !b + !c + !d + !e + !f + !g + !h + !i + !!j + !k + !!l
                                ^
conftest.c:77:37: error: the address of 'd' will always evaluate as 'true' [-Werror=address]
              return (!a + !b + !c + !d + !e + !f + !g + !h + !i + !!j + !k + !!l
                                     ^
conftest.c:77:47: error: the address of 'f' will always evaluate as 'true' [-Werror=address]
              return (!a + !b + !c + !d + !e + !f + !g + !h + !i + !!j + !k + !!l
                                               ^
conftest.c:77:52: error: the address of 'g' will always evaluate as 'true' [-Werror=address]
              return (!a + !b + !c + !d + !e + !f + !g + !h + !i + !!j + !k + !!l
                                                    ^
conftest.c:77:57: error: the address of 'h' will always evaluate as 'true' [-Werror=address]
              return (!a + !b + !c + !d + !e + !f + !g + !h + !i + !!j + !k + !!l
                                                         ^
conftest.c:77:62: error: the address of 'i' will always evaluate as 'true' [-Werror=address]
              return (!a + !b + !c + !d + !e + !f + !g + !h + !i + !!j + !k + !!l
                                                              ^
conftest.c:78:29: error: the address of 'n' will always evaluate as 'true' [-Werror=address]
                             ^
conftest.c:78:34: error: the address of 'o' will always evaluate as 'true' [-Werror=address]
                                  ^
conftest.c:78:39: error: the address of 'p' will always evaluate as 'true' [-Werror=address]
                                       ^
cc1: all warnings being treated as errors
configure:4365: $? = 1
configure: failed program was:
| /* confdefs.h */
| #define PACKAGE_NAME "simbpf"
| #define PACKAGE_TARNAME "simbpf"
| #define PACKAGE_VERSION "0.1.0"
| #define PACKAGE_STRING "simbpf 0.1.0"
| #define PACKAGE_BUGREPORT "e@gmail.com"
| #define PACKAGE_URL ""
| #define PACKAGE "simbpf"
| #define VERSION "0.1.0"
| #define STDC_HEADERS 1
| #define HAVE_SYS_TYPES_H 1
| #define HAVE_SYS_STAT_H 1
| #define HAVE_STDLIB_H 1
| #define HAVE_STRING_H 1
| #define HAVE_MEMORY_H 1
| #define HAVE_STRINGS_H 1
| #define HAVE_INTTYPES_H 1
| #define HAVE_STDINT_H 1
| #define HAVE_UNISTD_H 1
| #define HAVE_STDDEF_H 1
| #define HAVE_STDLIB_H 1
| #define HAVE_STRING_H 1
| /* end confdefs.h.  */
| 
|              #include <stdbool.h>
|              #ifndef bool
|               "error: bool is not defined"
|              #endif
|              #ifndef false
|               "error: false is not defined"
|              #endif
|              #if false
|               "error: false is not 0"
|              #endif
|              #ifndef true
|               "error: true is not defined"
|              #endif
|              #if true != 1
|               "error: true is not 1"
|              #endif
|              #ifndef __bool_true_false_are_defined
|               "error: __bool_true_false_are_defined is not defined"
|              #endif
| 
|              struct s { _Bool s: 1; _Bool t; } s;
| 
|              char a[true == 1 ? 1 : -1];
|              char b[false == 0 ? 1 : -1];
|              char c[__bool_true_false_are_defined == 1 ? 1 : -1];
|              char d[(bool) 0.5 == true ? 1 : -1];
|              /* See body of main program for 'e'.  */
|              char f[(_Bool) 0.0 == false ? 1 : -1];
|              char g[true];
|              char h[sizeof (_Bool)];
|              char i[sizeof s.t];
|              enum { j = false, k = true, l = false * true, m = true * 256 };
|              /* The following fails for
|                 HP aC++/ANSI C B3910B A.05.55 [Dec 04 2003]. */
|              _Bool n[m];
|              char o[sizeof n == m * sizeof n[0] ? 1 : -1];
|              char p[-1 - (_Bool) 0 < 0 && -1 - (bool) 0 < 0 ? 1 : -1];
|              /* Catch a bug in an HP-UX C compiler.  See
|                 http://gcc.gnu.org/ml/gcc-patches/2003-12/msg02303.html
|                 http://lists.gnu.org/archive/html/bug-coreutils/2005-11/msg00161.html
|               */
|              _Bool q = true;
|              _Bool *pq = &q;
| 
| int
| main ()
| {
| 
|              bool e = &s;
|              *pq |= q;
|              *pq |= ! q;
|              /* Refer to every declared value, to avoid compiler optimizations.  */
|              return (!a + !b + !c + !d + !e + !f + !g + !h + !i + !!j + !k + !!l
|                      + !m + !n + !o + !p + !q + !pq);
| 
|   ;
|   return 0;
| }
configure:4372: result: no
configure:4374: checking for _Bool
configure:4374: gcc -c -Wall -Wextra -Werror -Wno-parentheses -g -Os -flto  conftest.c >&5
configure:4374: $? = 0
configure:4374: gcc -c -Wall -Wextra -Werror -Wno-parentheses -g -Os -flto  conftest.c >&5
conftest.c: In function 'main':
conftest.c:60:20: error: expected expression before ')' token
 if (sizeof ((_Bool)))
                    ^
configure:4374: $? = 1
configure: failed program was:
| /* confdefs.h */
| #define PACKAGE_NAME "simbpf"
| #define PACKAGE_TARNAME "simbpf"
| #define PACKAGE_VERSION "0.1.0"
| #define PACKAGE_STRING "simbpf 0.1.0"
| #define PACKAGE_BUGREPORT "e@gmail.com"
| #define PACKAGE_URL ""
| #define PACKAGE "simbpf"
| #define VERSION "0.1.0"
| #define STDC_HEADERS 1
| #define HAVE_SYS_TYPES_H 1
| #define HAVE_SYS_STAT_H 1
| #define HAVE_STDLIB_H 1
| #define HAVE_STRING_H 1
| #define HAVE_MEMORY_H 1
| #define HAVE_STRINGS_H 1
| #define HAVE_INTTYPES_H 1
| #define HAVE_STDINT_H 1
| #define HAVE_UNISTD_H 1
| #define HAVE_STDDEF_H 1
| #define HAVE_STDLIB_H 1
| #define HAVE_STRING_H 1
| /* end confdefs.h.  */
| #include <stdio.h>
| #ifdef HAVE_SYS_TYPES_H
| # include <sys/types.h>
| #endif
| #ifdef HAVE_SYS_STAT_H
| # include <sys/stat.h>
| #endif
| #ifdef STDC_HEADERS
| # include <stdlib.h>
| # include <stddef.h>
| #else
| # ifdef HAVE_STDLIB_H
| #  include <stdlib.h>
| # endif
| #endif
| #ifdef HAVE_STRING_H
| # if !defined STDC_HEADERS && defined HAVE_MEMORY_H
| #  include <memory.h>
| # endif
| # include <string.h>
| #endif
| #ifdef HAVE_STRINGS_H
| # include <strings.h>
| #endif
| #ifdef HAVE_INTTYPES_H
| # include <inttypes.h>
| #endif
| #ifdef HAVE_STDINT_H
| # include <stdint.h>
| #endif
| #ifdef HAVE_UNISTD_H
| # include <unistd.h>
| #endif
| int
| main ()
| {
| if (sizeof ((_Bool)))
| 	    return 0;
|   ;
|   return 0;
| }
configure:4374: result: yes
configure:4385: checking for size_t
configure:4385: gcc -c -Wall -Wextra -Werror -Wno-parentheses -g -Os -flto  conftest.c >&5
configure:4385: $? = 0
configure:4385: gcc -c -Wall -Wextra -Werror -Wno-parentheses -g -Os -flto  conftest.c >&5
conftest.c: In function 'main':
conftest.c:61:21: error: expected expression before ')' token
 if (sizeof ((size_t)))
                     ^
configure:4385: $? = 1
configure: failed program was:
| /* confdefs.h */
| #define PACKAGE_NAME "simbpf"
| #define PACKAGE_TARNAME "simbpf"
| #define PACKAGE_VERSION "0.1.0"
| #define PACKAGE_STRING "simbpf 0.1.0"
| #define PACKAGE_BUGREPORT "e@gmail.com"
| #define PACKAGE_URL ""
| #define PACKAGE "simbpf"
| #define VERSION "0.1.0"
| #define STDC_HEADERS 1
| #define HAVE_SYS_TYPES_H 1
| #define HAVE_SYS_STAT_H 1
| #define HAVE_STDLIB_H 1
| #define HAVE_STRING_H 1
| #define HAVE_MEMORY_H 1
| #define HAVE_STRINGS_H 1
| #define HAVE_INTTYPES_H 1
| #define HAVE_STDINT_H 1
| #define HAVE_UNISTD_H 1
| #define HAVE_STDDEF_H 1
| #define HAVE_STDLIB_H 1
| #define HAVE_STRING_H 1
| #define HAVE__BOOL 1
| /* end confdefs.h.  */
| #include <stdio.h>
| #ifdef HAVE_SYS_TYPES_H
| # include <sys/types.h>
| #endif
| #ifdef HAVE_SYS_STAT_H
| # include <sys/stat.h>
| #endif
| #ifdef STDC_HEADERS
| # include <stdlib.h>
| # include <stddef.h>
| #else
| # ifdef HAVE_STDLIB_H
| #  include <stdlib.h>
| # endif
| #endif
| #ifdef HAVE_STRING_H
| # if !defined STDC_HEADERS && defined HAVE_MEMORY_H
| #  include <memory.h>
| # endif
| # include <string.h>
| #endif
| #ifdef HAVE_STRINGS_H
| # include <strings.h>
| #endif
| #ifdef HAVE_INTTYPES_H
| # include <inttypes.h>
| #endif
| #ifdef HAVE_STDINT_H
| # include <stdint.h>
| #endif
| #ifdef HAVE_UNISTD_H
| # include <unistd.h>
| #endif
| int
| main ()
| {
| if (sizeof ((size_t)))
| 	    return 0;
|   ;
|   return 0;
| }
configure:4385: result: yes
configure:4396: checking for uint64_t
configure:4396: gcc -c -Wall -Wextra -Werror -Wno-parentheses -g -Os -flto  conftest.c >&5
configure:4396: $? = 0
configure:4396: result: yes
configure:4414: checking for stdlib.h
configure:4414: result: yes
configure:4424: checking for GNU libc compatible malloc
configure:4448: gcc -o conftest -Wall -Wextra -Werror -Wno-parentheses -g -Os -flto   conftest.c  >&5
configure:4448: $? = 0
configure:4448: ./conftest
configure:4448: $? = 0
configure:4458: result: yes
configure:4481: checking for stdlib.h
configure:4481: result: yes
configure:4491: checking for GNU libc compatible realloc
configure:4515: gcc -o conftest -Wall -Wextra -Werror -Wno-parentheses -g -Os -flto   conftest.c  >&5
configure:4515: $? = 0
configure:4515: ./conftest
configure:4515: $? = 0
configure:4525: result: yes
configure:4548: checking for memset
configure:4548: gcc -o conftest -Wall -Wextra -Werror -Wno-parentheses -g -Os -flto   conftest.c  >&5
conftest.c:52:6: error: conflicting types for built-in function 'memset' [-Werror=builtin-declaration-mismatch]
 char memset ();
      ^~~~~~
cc1: all warnings being treated as errors
configure:4548: $? = 1
configure: failed program was:
| /* confdefs.h */
| #define PACKAGE_NAME "simbpf"
| #define PACKAGE_TARNAME "simbpf"
| #define PACKAGE_VERSION "0.1.0"
| #define PACKAGE_STRING "simbpf 0.1.0"
| #define PACKAGE_BUGREPORT "e@gmail.com"
| #define PACKAGE_URL ""
| #define PACKAGE "simbpf"
| #define VERSION "0.1.0"
| #define STDC_HEADERS 1
| #define HAVE_SYS_TYPES_H 1
| #define HAVE_SYS_STAT_H 1
| #define HAVE_STDLIB_H 1
| #define HAVE_STRING_H 1
| #define HAVE_MEMORY_H 1
| #define HAVE_STRINGS_H 1
| #define HAVE_INTTYPES_H 1
| #define HAVE_STDINT_H 1
| #define HAVE_UNISTD_H 1
| #define HAVE_STDDEF_H 1
| #define HAVE_STDLIB_H 1
| #define HAVE_STRING_H 1
| #define HAVE__BOOL 1
| #define HAVE_STDLIB_H 1
| #define HAVE_MALLOC 1
| #define HAVE_STDLIB_H 1
| #define HAVE_REALLOC 1
| /* end confdefs.h.  */
| /* Define memset to an innocuous variant, in case <limits.h> declares memset.
|    For example, HP-UX 11i <limits.h> declares gettimeofday.  */
| #define memset innocuous_memset
| 
| /* System header to define __stub macros and hopefully few prototypes,
|     which can conflict with char memset (); below.
|     Prefer <limits.h> to <assert.h> if __STDC__ is defined, since
|     <limits.h> exists even on freestanding compilers.  */
| 
| #ifdef __STDC__
| # include <limits.h>
| #else
| # include <assert.h>
| #endif
| 
| #undef memset
| 
| /* Override any GCC internal prototype to avoid an error.
|    Use char because int might match the return type of a GCC
|    builtin and then its argument prototype would still apply.  */
| #ifdef __cplusplus
| extern "C"
| #endif
| char memset ();
| /* The GNU C library defines this for functions which it implements
|     to always fail with ENOSYS.  Some functions are actually named
|     something starting with __ and the normal name is an alias.  */
| #if defined __stub_memset || defined __stub___memset
| choke me
| #endif
| 
| int
| main ()
| {
| return memset ();
|   ;
|   return 0;
| }
configure:4548: result: no
configure:4662: checking that generated files are newer than configure
configure:4668: result: done
configure:4691: creating ./config.status

## ---------------------- ##
## Running config.status. ##
## ---------------------- ##

This file was extended by simbpf config.status 0.1.0, which was
generated by GNU Autoconf 2.69.  Invocation command line was

  CONFIG_FILES    = 
  CONFIG_HEADERS  = 
  CONFIG_LINKS    = 
  CONFIG_COMMANDS = 
  $ ./config.status 

on debra

config.status:859: creating Makefile
config.status:859: creating src/Makefile
config.status:859: creating test/Makefile
config.status:859: creating include/config.h
config.status:1040: include/config.h is unchanged
config.status:1088: executing depfiles commands
config.status:1165: cd src       && sed -e '/# am--include-marker/d' Makefile         | make -f - am--depfiles
make: Nothing to be done for 'am--depfiles'.
config.status:1170: $? = 0
config.status:1165: cd test       && sed -e '/# am--include-marker/d' Makefile         | make -f - am--depfiles
make: Nothing to be done for 'am--depfiles'.
config.status:1170: $? = 0

## ---------------- ##
## Cache variables. ##
## ---------------- ##

ac_cv_c_compiler_gnu=yes
ac_cv_c_uint64_t=yes
ac_cv_env_CC_set=
ac_cv_env_CC_value=
ac_cv_env_CFLAGS_set=set
ac_cv_env_CFLAGS_value='-Wall -Wextra -Werror -Wno-parentheses -g -Os -flto'
ac_cv_env_CPPFLAGS_set=
ac_cv_env_CPPFLAGS_value=
ac_cv_env_CPP_set=
ac_cv_env_CPP_value=
ac_cv_env_LDFLAGS_set=
ac_cv_env_LDFLAGS_value=
ac_cv_env_LIBS_set=
ac_cv_env_LIBS_value=
ac_cv_env_build_alias_set=
ac_cv_env_build_alias_value=
ac_cv_env_host_alias_set=
ac_cv_env_host_alias_value=
ac_cv_env_target_alias_set=
ac_cv_env_target_alias_value=
ac_cv_func_malloc_0_nonnull=yes
ac_cv_func_memset=no
ac_cv_func_realloc_0_nonnull=yes
ac_cv_header_inttypes_h=yes
ac_cv_header_memory_h=yes
ac_cv_header_stdbool_h=no
ac_cv_header_stdc=yes
ac_cv_header_stddef_h=yes
ac_cv_header_stdint_h=yes
ac_cv_header_stdlib_h=yes
ac_cv_header_string_h=yes
ac_cv_header_strings_h=yes
ac_cv_header_sys_stat_h=yes
ac_cv_header_sys_types_h=yes
ac_cv_header_unistd_h=yes
ac_cv_objext=o
ac_cv_path_EGREP='/usr/bin/grep -E'
ac_cv_path_GREP=/usr/bin/grep
ac_cv_path_install='/usr/bin/install -c'
ac_cv_path_mkdir=/usr/bin/mkdir
ac_cv_prog_AWK=gawk
ac_cv_prog_CPP='gcc -E'
ac_cv_prog_ac_ct_CC=gcc
ac_cv_prog_cc_c89=
ac_cv_prog_cc_g=yes
ac_cv_prog_make_make_set=yes
ac_cv_type__Bool=yes
ac_cv_type_size_t=yes
am_cv_CC_dependencies_compiler_type=gcc3
am_cv_make_support_nested_variables=yes
am_cv_prog_cc_c_o=yes

## ----------------- ##
## Output variables. ##
## ----------------- ##

ACLOCAL='${SHELL} /home/user/checkouts/simbpf/missing aclocal-1.16'
AMDEPBACKSLASH='\'
AMDEP_FALSE='#'
AMDEP_TRUE=''
AMTAR='$${TAR-tar}'
AM_BACKSLASH='\'
AM_DEFAULT_V='$(AM_DEFAULT_VERBOSITY)'
AM_DEFAULT_VERBOSITY='1'
AM_V='$(V)'
AUTOCONF='${SHELL} /home/user/checkouts/simbpf/missing autoconf'
AUTOHEADER='${SHELL} /home/user/checkouts/simbpf/missing autoheader'
AUTOMAKE='${SHELL} /home/user/checkouts/simbpf/missing automake-1.16'
AWK='gawk'
CC='gcc'
CCDEPMODE='depmode=gcc3'
CFLAGS='-Wall -Wextra -Werror -Wno-parentheses -g -Os -flto'
CPP='gcc -E'
CPPFLAGS=''
CYGPATH_W='echo'
DEFS='-DHAVE_CONFIG_H'
DEPDIR='.deps'
ECHO_C=''
ECHO_N='-n'
ECHO_T=''
EGREP='/usr/bin/grep -E'
EXEEXT=''
GREP='/usr/bin/grep'
INSTALL_DATA='${INSTALL} -m 644'
INSTALL_PROGRAM='${INSTALL}'
INSTALL_SCRIPT='${INSTALL}'
INSTALL_STRIP_PROGRAM='$(install_sh) -c -s'
LDFLAGS=''
LIBOBJS=''
LIBS=''
LTLIBOBJS=''
MAKEINFO='${SHELL} /home/user/checkouts/simbpf/missing makeinfo'
MKDIR_P='/usr/bin/mkdir -p'
OBJEXT='o'
PACKAGE='simbpf'
PACKAGE_BUGREPORT='e@gmail.com'
PACKAGE_NAME='simbpf'
PACKAGE_STRING='simbpf 0.1.0'
PACKAGE_TARNAME='simbpf'
PACKAGE_URL=''
PACKAGE_VERSION='0.1.0'
PATH_SEPARATOR=':'
SET_MAKE=''
SHELL='/bin/bash'
STRIP=''
VERSION='0.1.0'
ac_ct_CC='gcc'
am__EXEEXT_FALSE=''
am__EXEEXT_TRUE='#'
am__fastdepCC_FALSE='#'
am__fastdepCC_TRUE=''
am__include='include'
am__isrc=''
am__leading_dot='.'
am__nodep='_no'
am__quote=''
am__tar='$${TAR-tar} chof - "$$tardir"'
am__untar='$${TAR-tar} xf -'
bindir='${exec_prefix}/bin'
build_alias=''
datadir='${datarootdir}'
datarootdir='${prefix}/share'
docdir='${datarootdir}/doc/${PACKAGE_TARNAME}'
dvidir='${docdir}'
exec_prefix='${prefix}'
host_alias=''
htmldir='${docdir}'
includedir='${prefix}/include'
infodir='${datarootdir}/info'
install_sh='${SHELL} /home/user/checkouts/simbpf/install-sh'
libdir='${exec_prefix}/lib'
libexecdir='${exec_prefix}/libexec'
localedir='${datarootdir}/locale'
localstatedir='${prefix}/var'
mandir='${datarootdir}/man'
mkdir_p='$(MKDIR_P)'
oldincludedir='/usr/include'
pdfdir='${docdir}'
prefix='/usr/local'
program_transform_name='s,x,x,'
psdir='${docdir}'
runstatedir='${localstatedir}/run'
sbindir='${exec_prefix}/sbin'
sharedstatedir='${prefix}/com'
sysconfdir='${prefix}/etc'
target_alias=''

## ----------- ##
## confdefs.h. ##
## ----------- ##

/* confdefs.h */
#define PACKAGE_NAME "simbpf"
#define PACKAGE_TARNAME "simbpf"
#define PACKAGE_VERSION "0.1.0"
#define PACKAGE_STRING "simbpf 0.1.0"
#define PACKAGE_BUGREPORT "e@gmail.com"
#define PACKAGE_URL ""
#define PACKAGE "simbpf"
#define VERSION "0.1.0"
#define STDC_HEADERS 1
#define HAVE_SYS_TYPES_H 1
#define HAVE_SYS_STAT_H 1
#define HAVE_STDLIB_H 1
#define HAVE_STRING_H 1
#define HAVE_MEMORY_H 1
#define HAVE_STRINGS_H 1
#define HAVE_INTTYPES_H 1
#define HAVE_STDINT_H 1
#define HAVE_UNISTD_H 1
#define HAVE_STDDEF_H 1
#define HAVE_STDLIB_H 1
#define HAVE_STRING_H 1
#define HAVE__BOOL 1
#define HAVE_STDLIB_H 1
#define HAVE_MALLOC 1
#define HAVE_STDLIB_H 1
#define HAVE_REALLOC 1

configure: exit 0

## ---------------------- ##
## Running config.status. ##
## ---------------------- ##

This file was extended by simbpf config.status 0.1.0, which was
generated by GNU Autoconf 2.69.  Invocation command line was

  CONFIG_FILES    = 
  CONFIG_HEADERS  = 
  CONFIG_LINKS    = 
  CONFIG_COMMANDS = 
  $ ./config.status test/Makefile depfiles

on debra

config.status:859: creating test/Makefile
config.status:1088: executing depfiles commands
config.status:1165: cd test       && sed -e '/# am--include-marker/d' Makefile         | make -f - am--depfiles
make[2]: Entering directory '/home/user/checkouts/simbpf/test'
make[2]: Nothing to be done for 'am--depfiles'.
make[2]: Leaving directory '/home/user/checkouts/simbpf/test'
config.status:1170: $? = 0
